# JRE version: OpenJDK Runtime Environment (8.0_212-b01) (build 1.8.0_212-8u212-b01-1~deb9u1-b01)
# Java VM: OpenJDK 64-Bit Server VM (25.212-b01 mixed mode linux-amd64 compressed oops)
Heap:
 PSYoungGen      total 109056K, used 12782K [0x00000000e1800000, 0x00000000e8f00000, 0x0000000100000000)
  eden space 96256K, 0% used [0x00000000e1800000,0x00000000e1800000,0x00000000e7600000)
  from space 12800K, 99% used [0x00000000e7600000,0x00000000e827b9d8,0x00000000e8280000)
  to   space 12288K, 0% used [0x00000000e8300000,0x00000000e8300000,0x00000000e8f00000)
 ParOldGen       total 58880K, used 15348K [0x00000000a4800000, 0x00000000a8180000, 0x00000000e1800000)
  object space 58880K, 26% used [0x00000000a4800000,0x00000000a56fd200,0x00000000a8180000)
 Metaspace       used 31438K, capacity 32148K, committed 32304K, reserved 1077248K
  class space    used 3589K, capacity 3784K, committed 3888K, reserved 1048576K
GC Heap History (10 events):
Event: 2,125 GC heap after
Heap after GC invocations=3 (full 0):
 PSYoungGen      total 27648K, used 3568K [0x00000000e1800000, 0x00000000e4e00000, 0x0000000100000000)
  eden space 24064K, 0% used [0x00000000e1800000,0x00000000e1800000,0x00000000e2f80000)
  from space 3584K, 99% used [0x00000000e2f80000,0x00000000e32fc030,0x00000000e3300000)
  to   space 3584K, 0% used [0x00000000e4a80000,0x00000000e4a80000,0x00000000e4e00000)
 ParOldGen       total 62976K, used 3027K [0x00000000a4800000, 0x00000000a8580000, 0x00000000e1800000)
  object space 62976K, 4% used [0x00000000a4800000,0x00000000a4af4d48,0x00000000a8580000)
 Metaspace       used 13061K, capacity 13422K, committed 13696K, reserved 1060864K
  class space    used 1568K, capacity 1662K, committed 1664K, reserved 1048576K
}
Event: 2,651 GC heap before
{Heap before GC invocations=4 (full 0):
 PSYoungGen      total 27648K, used 27632K [0x00000000e1800000, 0x00000000e4e00000, 0x0000000100000000)
  eden space 24064K, 100% used [0x00000000e1800000,0x00000000e2f80000,0x00000000e2f80000)
  from space 3584K, 99% used [0x00000000e2f80000,0x00000000e32fc030,0x00000000e3300000)
  to   space 3584K, 0% used [0x00000000e4a80000,0x00000000e4a80000,0x00000000e4e00000)
 ParOldGen       total 62976K, used 3027K [0x00000000a4800000, 0x00000000a8580000, 0x00000000e1800000)
  object space 62976K, 4% used [0x00000000a4800000,0x00000000a4af4d48,0x00000000a8580000)
 Metaspace       used 13821K, capacity 14226K, committed 14336K, reserved 1062912K
  class space    used 1653K, capacity 1736K, committed 1792K, reserved 1048576K
Event: 2,658 GC heap after
Heap after GC invocations=4 (full 0):
 PSYoungGen      total 51712K, used 3568K [0x00000000e1800000, 0x00000000e4e00000, 0x0000000100000000)
  eden space 48128K, 0% used [0x00000000e1800000,0x00000000e1800000,0x00000000e4700000)
  from space 3584K, 99% used [0x00000000e4a80000,0x00000000e4dfc010,0x00000000e4e00000)
  to   space 3584K, 0% used [0x00000000e4700000,0x00000000e4700000,0x00000000e4a80000)
 ParOldGen       total 62976K, used 4646K [0x00000000a4800000, 0x00000000a8580000, 0x00000000e1800000)
  object space 62976K, 7% used [0x00000000a4800000,0x00000000a4c89ba8,0x00000000a8580000)
 Metaspace       used 13821K, capacity 14226K, committed 14336K, reserved 1062912K
  class space    used 1653K, capacity 1736K, committed 1792K, reserved 1048576K
}
Event: 4,078 GC heap before
{Heap before GC invocations=5 (full 0):
 PSYoungGen      total 51712K, used 51696K [0x00000000e1800000, 0x00000000e4e00000, 0x0000000100000000)
  eden space 48128K, 100% used [0x00000000e1800000,0x00000000e4700000,0x00000000e4700000)
  from space 3584K, 99% used [0x00000000e4a80000,0x00000000e4dfc010,0x00000000e4e00000)
  to   space 3584K, 0% used [0x00000000e4700000,0x00000000e4700000,0x00000000e4a80000)
 ParOldGen       total 62976K, used 4646K [0x00000000a4800000, 0x00000000a8580000, 0x00000000e1800000)
  object space 62976K, 7% used [0x00000000a4800000,0x00000000a4c89ba8,0x00000000a8580000)
 Metaspace       used 19552K, capacity 20046K, committed 20224K, reserved 1067008K
  class space    used 2326K, capacity 2464K, committed 2560K, reserved 1048576K
Event: 4,092 GC heap after
Heap after GC invocations=5 (full 0):
 PSYoungGen      total 51712K, used 3552K [0x00000000e1800000, 0x00000000e9000000, 0x0000000100000000)
  eden space 48128K, 0% used [0x00000000e1800000,0x00000000e1800000,0x00000000e4700000)
  from space 3584K, 99% used [0x00000000e4700000,0x00000000e4a78020,0x00000000e4a80000)
  to   space 13312K, 0% used [0x00000000e8300000,0x00000000e8300000,0x00000000e9000000)
 ParOldGen       total 62976K, used 16240K [0x00000000a4800000, 0x00000000a8580000, 0x00000000e1800000)
  object space 62976K, 25% used [0x00000000a4800000,0x00000000a57dc088,0x00000000a8580000)
 Metaspace       used 19552K, capacity 20046K, committed 20224K, reserved 1067008K
  class space    used 2326K, capacity 2464K, committed 2560K, reserved 1048576K
}
Event: 4,396 GC heap before
{Heap before GC invocations=6 (full 0):
 PSYoungGen      total 51712K, used 11782K [0x00000000e1800000, 0x00000000e9000000, 0x0000000100000000)
  eden space 48128K, 17% used [0x00000000e1800000,0x00000000e2009ba8,0x00000000e4700000)
  from space 3584K, 99% used [0x00000000e4700000,0x00000000e4a78020,0x00000000e4a80000)
  to   space 13312K, 0% used [0x00000000e8300000,0x00000000e8300000,0x00000000e9000000)
 ParOldGen       total 62976K, used 16240K [0x00000000a4800000, 0x00000000a8580000, 0x00000000e1800000)
  object space 62976K, 25% used [0x00000000a4800000,0x00000000a57dc088,0x00000000a8580000)
 Metaspace       used 20709K, capacity 21238K, committed 21296K, reserved 1069056K
  class space    used 2415K, capacity 2564K, committed 2608K, reserved 1048576K
Event: 4,402 GC heap after
Heap after GC invocations=6 (full 0):
 PSYoungGen      total 108544K, used 5040K [0x00000000e1800000, 0x00000000e8f00000, 0x0000000100000000)
  eden space 96256K, 0% used [0x00000000e1800000,0x00000000e1800000,0x00000000e7600000)
  from space 12288K, 41% used [0x00000000e8300000,0x00000000e87ec378,0x00000000e8f00000)
  to   space 12800K, 0% used [0x00000000e7600000,0x00000000e7600000,0x00000000e8280000)
 ParOldGen       total 62976K, used 16240K [0x00000000a4800000, 0x00000000a8580000, 0x00000000e1800000)
  object space 62976K, 25% used [0x00000000a4800000,0x00000000a57dc088,0x00000000a8580000)
 Metaspace       used 20709K, capacity 21238K, committed 21296K, reserved 1069056K
  class space    used 2415K, capacity 2564K, committed 2608K, reserved 1048576K
}
Event: 4,402 GC heap before
{Heap before GC invocations=7 (full 1):
 PSYoungGen      total 108544K, used 5040K [0x00000000e1800000, 0x00000000e8f00000, 0x0000000100000000)
  eden space 96256K, 0% used [0x00000000e1800000,0x00000000e1800000,0x00000000e7600000)
  from space 12288K, 41% used [0x00000000e8300000,0x00000000e87ec378,0x00000000e8f00000)
  to   space 12800K, 0% used [0x00000000e7600000,0x00000000e7600000,0x00000000e8280000)
 ParOldGen       total 62976K, used 16240K [0x00000000a4800000, 0x00000000a8580000, 0x00000000e1800000)
  object space 62976K, 25% used [0x00000000a4800000,0x00000000a57dc088,0x00000000a8580000)
 Metaspace       used 20709K, capacity 21238K, committed 21296K, reserved 1069056K
  class space    used 2415K, capacity 2564K, committed 2608K, reserved 1048576K
Event: 4,447 GC heap after
Heap after GC invocations=7 (full 1):
 PSYoungGen      total 108544K, used 0K [0x00000000e1800000, 0x00000000e8f00000, 0x0000000100000000)
  eden space 96256K, 0% used [0x00000000e1800000,0x00000000e1800000,0x00000000e7600000)
  from space 12288K, 0% used [0x00000000e8300000,0x00000000e8300000,0x00000000e8f00000)
  to   space 12800K, 0% used [0x00000000e7600000,0x00000000e7600000,0x00000000e8280000)
 ParOldGen       total 58880K, used 14438K [0x00000000a4800000, 0x00000000a8180000, 0x00000000e1800000)
  object space 58880K, 24% used [0x00000000a4800000,0x00000000a5619960,0x00000000a8180000)
 Metaspace       used 20709K, capacity 21238K, committed 21296K, reserved 1069056K
  class space    used 2415K, capacity 2564K, committed 2608K, reserved 1048576K
}
Event: 19,300 GC heap before
{Heap before GC invocations=8 (full 1):
 PSYoungGen      total 108544K, used 96256K [0x00000000e1800000, 0x00000000e8f00000, 0x0000000100000000)
  eden space 96256K, 100% used [0x00000000e1800000,0x00000000e7600000,0x00000000e7600000)
  from space 12288K, 0% used [0x00000000e8300000,0x00000000e8300000,0x00000000e8f00000)
  to   space 12800K, 0% used [0x00000000e7600000,0x00000000e7600000,0x00000000e8280000)
 ParOldGen       total 58880K, used 14438K [0x00000000a4800000, 0x00000000a8180000, 0x00000000e1800000)
  object space 58880K, 24% used [0x00000000a4800000,0x00000000a5619960,0x00000000a8180000)
 Metaspace       used 31438K, capacity 32148K, committed 32304K, reserved 1077248K
  class space    used 3589K, capacity 3784K, committed 3888K, reserved 1048576K

