# JRE version: OpenJDK Runtime Environment (8.0_212-b01) (build 1.8.0_212-8u212-b01-1~deb9u1-b01)
# Java VM: OpenJDK 64-Bit Server VM (25.212-b01 mixed mode linux-amd64 compressed oops)
Heap:
 PSYoungGen      total 109056K, used 12781K [0x00000000e1800000, 0x00000000e8f00000, 0x0000000100000000)
  eden space 96256K, 0% used [0x00000000e1800000,0x00000000e1800000,0x00000000e7600000)
  from space 12800K, 99% used [0x00000000e7600000,0x00000000e827b610,0x00000000e8280000)
  to   space 12288K, 0% used [0x00000000e8300000,0x00000000e8300000,0x00000000e8f00000)
 ParOldGen       total 54272K, used 14184K [0x00000000a4800000, 0x00000000a7d00000, 0x00000000e1800000)
  object space 54272K, 26% used [0x00000000a4800000,0x00000000a55da130,0x00000000a7d00000)
 Metaspace       used 30978K, capacity 31684K, committed 32000K, reserved 1077248K
  class space    used 3571K, capacity 3752K, committed 3840K, reserved 1048576K
GC Heap History (10 events):
Event: 2,130 GC heap after
Heap after GC invocations=3 (full 0):
 PSYoungGen      total 27648K, used 3568K [0x00000000e1800000, 0x00000000e4e00000, 0x0000000100000000)
  eden space 24064K, 0% used [0x00000000e1800000,0x00000000e1800000,0x00000000e2f80000)
  from space 3584K, 99% used [0x00000000e2f80000,0x00000000e32fc010,0x00000000e3300000)
  to   space 3584K, 0% used [0x00000000e4a80000,0x00000000e4a80000,0x00000000e4e00000)
 ParOldGen       total 62976K, used 2737K [0x00000000a4800000, 0x00000000a8580000, 0x00000000e1800000)
  object space 62976K, 4% used [0x00000000a4800000,0x00000000a4aac5a8,0x00000000a8580000)
 Metaspace       used 12970K, capacity 13298K, committed 13440K, reserved 1060864K
  class space    used 1563K, capacity 1660K, committed 1664K, reserved 1048576K
}
Event: 2,696 GC heap before
{Heap before GC invocations=4 (full 0):
 PSYoungGen      total 27648K, used 27632K [0x00000000e1800000, 0x00000000e4e00000, 0x0000000100000000)
  eden space 24064K, 100% used [0x00000000e1800000,0x00000000e2f80000,0x00000000e2f80000)
  from space 3584K, 99% used [0x00000000e2f80000,0x00000000e32fc010,0x00000000e3300000)
  to   space 3584K, 0% used [0x00000000e4a80000,0x00000000e4a80000,0x00000000e4e00000)
 ParOldGen       total 62976K, used 2737K [0x00000000a4800000, 0x00000000a8580000, 0x00000000e1800000)
  object space 62976K, 4% used [0x00000000a4800000,0x00000000a4aac5a8,0x00000000a8580000)
 Metaspace       used 13739K, capacity 14114K, committed 14336K, reserved 1062912K
  class space    used 1648K, capacity 1736K, committed 1792K, reserved 1048576K
Event: 2,707 GC heap after
Heap after GC invocations=4 (full 0):
 PSYoungGen      total 51712K, used 3568K [0x00000000e1800000, 0x00000000e4e00000, 0x0000000100000000)
  eden space 48128K, 0% used [0x00000000e1800000,0x00000000e1800000,0x00000000e4700000)
  from space 3584K, 99% used [0x00000000e4a80000,0x00000000e4dfc010,0x00000000e4e00000)
  to   space 3584K, 0% used [0x00000000e4700000,0x00000000e4700000,0x00000000e4a80000)
 ParOldGen       total 62976K, used 4573K [0x00000000a4800000, 0x00000000a8580000, 0x00000000e1800000)
  object space 62976K, 7% used [0x00000000a4800000,0x00000000a4c77778,0x00000000a8580000)
 Metaspace       used 13739K, capacity 14114K, committed 14336K, reserved 1062912K
  class space    used 1648K, capacity 1736K, committed 1792K, reserved 1048576K
}
Event: 3,790 GC heap before
{Heap before GC invocations=5 (full 0):
 PSYoungGen      total 51712K, used 51696K [0x00000000e1800000, 0x00000000e4e00000, 0x0000000100000000)
  eden space 48128K, 100% used [0x00000000e1800000,0x00000000e4700000,0x00000000e4700000)
  from space 3584K, 99% used [0x00000000e4a80000,0x00000000e4dfc010,0x00000000e4e00000)
  to   space 3584K, 0% used [0x00000000e4700000,0x00000000e4700000,0x00000000e4a80000)
 ParOldGen       total 62976K, used 4573K [0x00000000a4800000, 0x00000000a8580000, 0x00000000e1800000)
  object space 62976K, 7% used [0x00000000a4800000,0x00000000a4c77778,0x00000000a8580000)
 Metaspace       used 19383K, capacity 19998K, committed 20224K, reserved 1067008K
  class space    used 2319K, capacity 2464K, committed 2560K, reserved 1048576K
Event: 3,829 GC heap after
Heap after GC invocations=5 (full 0):
 PSYoungGen      total 51712K, used 3568K [0x00000000e1800000, 0x00000000e9000000, 0x0000000100000000)
  eden space 48128K, 0% used [0x00000000e1800000,0x00000000e1800000,0x00000000e4700000)
  from space 3584K, 99% used [0x00000000e4700000,0x00000000e4a7c010,0x00000000e4a80000)
  to   space 13312K, 0% used [0x00000000e8300000,0x00000000e8300000,0x00000000e9000000)
 ParOldGen       total 62976K, used 15882K [0x00000000a4800000, 0x00000000a8580000, 0x00000000e1800000)
  object space 62976K, 25% used [0x00000000a4800000,0x00000000a5782918,0x00000000a8580000)
 Metaspace       used 19383K, capacity 19998K, committed 20224K, reserved 1067008K
  class space    used 2319K, capacity 2464K, committed 2560K, reserved 1048576K
}
Event: 4,011 GC heap before
{Heap before GC invocations=6 (full 0):
 PSYoungGen      total 51712K, used 12325K [0x00000000e1800000, 0x00000000e9000000, 0x0000000100000000)
  eden space 48128K, 18% used [0x00000000e1800000,0x00000000e208d700,0x00000000e4700000)
  from space 3584K, 99% used [0x00000000e4700000,0x00000000e4a7c010,0x00000000e4a80000)
  to   space 13312K, 0% used [0x00000000e8300000,0x00000000e8300000,0x00000000e9000000)
 ParOldGen       total 62976K, used 15882K [0x00000000a4800000, 0x00000000a8580000, 0x00000000e1800000)
  object space 62976K, 25% used [0x00000000a4800000,0x00000000a5782918,0x00000000a8580000)
 Metaspace       used 20483K, capacity 21062K, committed 21296K, reserved 1069056K
  class space    used 2416K, capacity 2564K, committed 2688K, reserved 1048576K
Event: 4,019 GC heap after
Heap after GC invocations=6 (full 0):
 PSYoungGen      total 108544K, used 4770K [0x00000000e1800000, 0x00000000e8f00000, 0x0000000100000000)
  eden space 96256K, 0% used [0x00000000e1800000,0x00000000e1800000,0x00000000e7600000)
  from space 12288K, 38% used [0x00000000e8300000,0x00000000e87a88e8,0x00000000e8f00000)
  to   space 12800K, 0% used [0x00000000e7600000,0x00000000e7600000,0x00000000e8280000)
 ParOldGen       total 62976K, used 15882K [0x00000000a4800000, 0x00000000a8580000, 0x00000000e1800000)
  object space 62976K, 25% used [0x00000000a4800000,0x00000000a5782918,0x00000000a8580000)
 Metaspace       used 20483K, capacity 21062K, committed 21296K, reserved 1069056K
  class space    used 2416K, capacity 2564K, committed 2688K, reserved 1048576K
}
Event: 4,020 GC heap before
{Heap before GC invocations=7 (full 1):
 PSYoungGen      total 108544K, used 4770K [0x00000000e1800000, 0x00000000e8f00000, 0x0000000100000000)
  eden space 96256K, 0% used [0x00000000e1800000,0x00000000e1800000,0x00000000e7600000)
  from space 12288K, 38% used [0x00000000e8300000,0x00000000e87a88e8,0x00000000e8f00000)
  to   space 12800K, 0% used [0x00000000e7600000,0x00000000e7600000,0x00000000e8280000)
 ParOldGen       total 62976K, used 15882K [0x00000000a4800000, 0x00000000a8580000, 0x00000000e1800000)
  object space 62976K, 25% used [0x00000000a4800000,0x00000000a5782918,0x00000000a8580000)
 Metaspace       used 20483K, capacity 21062K, committed 21296K, reserved 1069056K
  class space    used 2416K, capacity 2564K, committed 2688K, reserved 1048576K
Event: 4,073 GC heap after
Heap after GC invocations=7 (full 1):
 PSYoungGen      total 108544K, used 0K [0x00000000e1800000, 0x00000000e8f00000, 0x0000000100000000)
  eden space 96256K, 0% used [0x00000000e1800000,0x00000000e1800000,0x00000000e7600000)
  from space 12288K, 0% used [0x00000000e8300000,0x00000000e8300000,0x00000000e8f00000)
  to   space 12800K, 0% used [0x00000000e7600000,0x00000000e7600000,0x00000000e8280000)
 ParOldGen       total 54272K, used 13983K [0x00000000a4800000, 0x00000000a7d00000, 0x00000000e1800000)
  object space 54272K, 25% used [0x00000000a4800000,0x00000000a55a7c90,0x00000000a7d00000)
 Metaspace       used 20483K, capacity 21062K, committed 21296K, reserved 1069056K
  class space    used 2416K, capacity 2564K, committed 2688K, reserved 1048576K
}
Event: 7,035 GC heap before
{Heap before GC invocations=8 (full 1):
 PSYoungGen      total 108544K, used 96256K [0x00000000e1800000, 0x00000000e8f00000, 0x0000000100000000)
  eden space 96256K, 100% used [0x00000000e1800000,0x00000000e7600000,0x00000000e7600000)
  from space 12288K, 0% used [0x00000000e8300000,0x00000000e8300000,0x00000000e8f00000)
  to   space 12800K, 0% used [0x00000000e7600000,0x00000000e7600000,0x00000000e8280000)
 ParOldGen       total 54272K, used 13983K [0x00000000a4800000, 0x00000000a7d00000, 0x00000000e1800000)
  object space 54272K, 25% used [0x00000000a4800000,0x00000000a55a7c90,0x00000000a7d00000)
 Metaspace       used 30978K, capacity 31684K, committed 32000K, reserved 1077248K
  class space    used 3571K, capacity 3752K, committed 3840K, reserved 1048576K

